DEBUG:root:Soundoutput: Hallo
DEBUG:gtts.tts:text: Hallo
DEBUG:gtts.tts:tld: com
DEBUG:gtts.tts:lang: de
DEBUG:gtts.tts:slow: False
DEBUG:gtts.tts:lang_check: True
DEBUG:gtts.tts:pre_processor_funcs: [<function tone_marks at 0x7f87574d3160>, <function end_of_line at 0x7f87574d3940>, <function abbreviations at 0x7f87574d39d0>, <function word_sub at 0x7f87574d3a60>]
DEBUG:gtts.tts:tokenizer_func: <bound method Tokenizer.run of re.compile('(?<=\\?).|(?<=!).|(?<=？).|(?<=！).|(?<!\\.[a-z])\\. |(?<!\\.[a-z]), |(?<!\\d):|;|\\\n|‥|،|：|\\)|\\[|\\(|\\]|，|、|…|。|—|¡|¿', re.IGNORECASE) from: [<function tone_marks at 0x7f87574d3b80>, <function period_comma at 0x7f87574d3c10>, <function colon at 0x7f87574d3ca0>, <function other_punctuation at 0x7f87574d3d30>]>
DEBUG:gtts.lang:Fetching with 'com' tld
DEBUG:urllib3.connectionpool:Starting new HTTPS connection (1): translate.google.com:443
DEBUG:urllib3.connectionpool:https://translate.google.com:443 "GET / HTTP/1.1" 200 None
DEBUG:urllib3.connectionpool:Starting new HTTPS connection (1): translate.google.com:443
DEBUG:urllib3.connectionpool:https://translate.google.com:443 "GET ///translate/releases/twsfe_w_20201020_RC01/r/js/translate_m.js HTTP/1.1" 200 569375
DEBUG:gtts.lang:langs: {'af': 'Afrikaans', 'sq': 'Albanian', 'ar': 'Arabic', 'hy': 'Armenian', 'bn': 'Bengali', 'bs': 'Bosnian', 'ca': 'Catalan', 'hr': 'Croatian', 'cs': 'Czech', 'da': 'Danish', 'nl': 'Dutch', 'en': 'English', 'eo': 'Esperanto', 'et': 'Estonian', 'tl': 'Filipino', 'fi': 'Finnish', 'fr': 'French', 'de': 'German', 'el': 'Greek', 'gu': 'Gujarati', 'hi': 'Hindi', 'hu': 'Hungarian', 'is': 'Icelandic', 'id': 'Indonesian', 'it': 'Italian', 'ja': 'Japanese', 'jw': 'Javanese', 'kn': 'Kannada', 'km': 'Khmer', 'ko': 'Korean', 'la': 'Latin', 'lv': 'Latvian', 'mk': 'Macedonian', 'ml': 'Malayalam', 'mr': 'Marathi', 'my': 'Myanmar (Burmese)', 'ne': 'Nepali', 'no': 'Norwegian', 'pl': 'Polish', 'pt': 'Portuguese', 'ro': 'Romanian', 'ru': 'Russian', 'sr': 'Serbian', 'si': 'Sinhala', 'sk': 'Slovak', 'es': 'Spanish', 'su': 'Sundanese', 'sw': 'Swahili', 'sv': 'Swedish', 'ta': 'Tamil', 'te': 'Telugu', 'th': 'Thai', 'tr': 'Turkish', 'uk': 'Ukrainian', 'ur': 'Urdu', 'vi': 'Vietnamese', 'cy': 'Welsh', 'zh-cn': 'Chinese (Mandarin/China)', 'zh-tw': 'Chinese (Mandarin/Taiwan)', 'en-us': 'English (US)', 'en-ca': 'English (Canada)', 'en-uk': 'English (UK)', 'en-gb': 'English (UK)', 'en-au': 'English (Australia)', 'en-gh': 'English (Ghana)', 'en-in': 'English (India)', 'en-ie': 'English (Ireland)', 'en-nz': 'English (New Zealand)', 'en-ng': 'English (Nigeria)', 'en-ph': 'English (Philippines)', 'en-za': 'English (South Africa)', 'en-tz': 'English (Tanzania)', 'fr-ca': 'French (Canada)', 'fr-fr': 'French (France)', 'pt-br': 'Portuguese (Brazil)', 'pt-pt': 'Portuguese (Portugal)', 'es-es': 'Spanish (Spain)', 'es-us': 'Spanish (United States)'}
DEBUG:gtts.tts:pre-processing: <function tone_marks at 0x7f87574d3160>
DEBUG:gtts.tts:pre-processing: <function end_of_line at 0x7f87574d3940>
DEBUG:gtts.tts:pre-processing: <function abbreviations at 0x7f87574d39d0>
DEBUG:gtts.tts:pre-processing: <function word_sub at 0x7f87574d3a60>
DEBUG:gtts.tts:text_parts: 1
DEBUG:urllib3.connectionpool:Starting new HTTPS connection (1): translate.google.com:443
DEBUG:urllib3.connectionpool:https://translate.google.com:443 "GET / HTTP/1.1" 200 None
DEBUG:gtts.tts:payload-0: {'ie': 'UTF-8', 'q': 'Hallo', 'tl': 'de', 'ttsspeed': 1, 'total': 1, 'idx': 0, 'client': 'tw-ob', 'textlen': 5, 'tk': '648805.994693'}
DEBUG:urllib3.connectionpool:Starting new HTTPS connection (1): translate.google.com:443
DEBUG:urllib3.connectionpool:https://translate.google.com:443 "GET /translate_tts?ie=UTF-8&q=Hallo&tl=de&ttsspeed=1&total=1&idx=0&client=tw-ob&textlen=5&tk=648805.994693 HTTP/1.1" 200 3072
DEBUG:gtts.tts:headers-0: {'Referer': 'http://translate.google.com/', 'User-Agent': 'Mozilla/5.0 (Windows NT 10.0; WOW64) AppleWebKit/537.36 (KHTML, like Gecko) Chrome/47.0.2526.106 Safari/537.36'}
DEBUG:gtts.tts:url-0: https://translate.google.com/translate_tts?ie=UTF-8&q=Hallo&tl=de&ttsspeed=1&total=1&idx=0&client=tw-ob&textlen=5&tk=648805.994693
DEBUG:gtts.tts:status-0: 200
DEBUG:gtts.tts:part-0 written to <_io.BufferedWriter name='./output.mp3'>
DEBUG:gtts.tts:Saved to ./output.mp3
DEBUG:root:
DEBUG:root:Soundoutput: Hallo
DEBUG:gtts.tts:text: Hallo
DEBUG:gtts.tts:tld: com
DEBUG:gtts.tts:lang: de
DEBUG:gtts.tts:slow: False
DEBUG:gtts.tts:lang_check: True
DEBUG:gtts.tts:pre_processor_funcs: [<function tone_marks at 0x7faa0c9cd160>, <function end_of_line at 0x7faa0c9cd940>, <function abbreviations at 0x7faa0c9cd9d0>, <function word_sub at 0x7faa0c9cda60>]
DEBUG:gtts.tts:tokenizer_func: <bound method Tokenizer.run of re.compile('(?<=\\?).|(?<=!).|(?<=？).|(?<=！).|(?<!\\.[a-z])\\. |(?<!\\.[a-z]), |(?<!\\d):|…|،|、|;|\\]|‥|\\[|¿|。|\\\n|—|：|¡|\\(|，|\\)', re.IGNORECASE) from: [<function tone_marks at 0x7faa0c9cdb80>, <function period_comma at 0x7faa0c9cdc10>, <function colon at 0x7faa0c9cdca0>, <function other_punctuation at 0x7faa0c9cdd30>]>
DEBUG:gtts.lang:Fetching with 'com' tld
DEBUG:urllib3.connectionpool:Starting new HTTPS connection (1): translate.google.com:443
DEBUG:urllib3.connectionpool:https://translate.google.com:443 "GET / HTTP/1.1" 200 None
DEBUG:urllib3.connectionpool:Starting new HTTPS connection (1): translate.google.com:443
DEBUG:urllib3.connectionpool:https://translate.google.com:443 "GET ///translate/releases/twsfe_w_20201020_RC01/r/js/translate_m.js HTTP/1.1" 200 569375
DEBUG:gtts.lang:langs: {'af': 'Afrikaans', 'sq': 'Albanian', 'ar': 'Arabic', 'hy': 'Armenian', 'bn': 'Bengali', 'bs': 'Bosnian', 'ca': 'Catalan', 'hr': 'Croatian', 'cs': 'Czech', 'da': 'Danish', 'nl': 'Dutch', 'en': 'English', 'eo': 'Esperanto', 'et': 'Estonian', 'tl': 'Filipino', 'fi': 'Finnish', 'fr': 'French', 'de': 'German', 'el': 'Greek', 'gu': 'Gujarati', 'hi': 'Hindi', 'hu': 'Hungarian', 'is': 'Icelandic', 'id': 'Indonesian', 'it': 'Italian', 'ja': 'Japanese', 'jw': 'Javanese', 'kn': 'Kannada', 'km': 'Khmer', 'ko': 'Korean', 'la': 'Latin', 'lv': 'Latvian', 'mk': 'Macedonian', 'ml': 'Malayalam', 'mr': 'Marathi', 'my': 'Myanmar (Burmese)', 'ne': 'Nepali', 'no': 'Norwegian', 'pl': 'Polish', 'pt': 'Portuguese', 'ro': 'Romanian', 'ru': 'Russian', 'sr': 'Serbian', 'si': 'Sinhala', 'sk': 'Slovak', 'es': 'Spanish', 'su': 'Sundanese', 'sw': 'Swahili', 'sv': 'Swedish', 'ta': 'Tamil', 'te': 'Telugu', 'th': 'Thai', 'tr': 'Turkish', 'uk': 'Ukrainian', 'ur': 'Urdu', 'vi': 'Vietnamese', 'cy': 'Welsh', 'zh-cn': 'Chinese (Mandarin/China)', 'zh-tw': 'Chinese (Mandarin/Taiwan)', 'en-us': 'English (US)', 'en-ca': 'English (Canada)', 'en-uk': 'English (UK)', 'en-gb': 'English (UK)', 'en-au': 'English (Australia)', 'en-gh': 'English (Ghana)', 'en-in': 'English (India)', 'en-ie': 'English (Ireland)', 'en-nz': 'English (New Zealand)', 'en-ng': 'English (Nigeria)', 'en-ph': 'English (Philippines)', 'en-za': 'English (South Africa)', 'en-tz': 'English (Tanzania)', 'fr-ca': 'French (Canada)', 'fr-fr': 'French (France)', 'pt-br': 'Portuguese (Brazil)', 'pt-pt': 'Portuguese (Portugal)', 'es-es': 'Spanish (Spain)', 'es-us': 'Spanish (United States)'}
DEBUG:gtts.tts:pre-processing: <function tone_marks at 0x7faa0c9cd160>
DEBUG:gtts.tts:pre-processing: <function end_of_line at 0x7faa0c9cd940>
DEBUG:gtts.tts:pre-processing: <function abbreviations at 0x7faa0c9cd9d0>
DEBUG:gtts.tts:pre-processing: <function word_sub at 0x7faa0c9cda60>
DEBUG:gtts.tts:text_parts: 1
DEBUG:urllib3.connectionpool:Starting new HTTPS connection (1): translate.google.com:443
DEBUG:urllib3.connectionpool:https://translate.google.com:443 "GET / HTTP/1.1" 200 None
DEBUG:gtts.tts:payload-0: {'ie': 'UTF-8', 'q': 'Hallo', 'tl': 'de', 'ttsspeed': 1, 'total': 1, 'idx': 0, 'client': 'tw-ob', 'textlen': 5, 'tk': '648805.994693'}
DEBUG:urllib3.connectionpool:Starting new HTTPS connection (1): translate.google.com:443
DEBUG:urllib3.connectionpool:https://translate.google.com:443 "GET /translate_tts?ie=UTF-8&q=Hallo&tl=de&ttsspeed=1&total=1&idx=0&client=tw-ob&textlen=5&tk=648805.994693 HTTP/1.1" 200 3072
DEBUG:gtts.tts:headers-0: {'Referer': 'http://translate.google.com/', 'User-Agent': 'Mozilla/5.0 (Windows NT 10.0; WOW64) AppleWebKit/537.36 (KHTML, like Gecko) Chrome/47.0.2526.106 Safari/537.36'}
DEBUG:gtts.tts:url-0: https://translate.google.com/translate_tts?ie=UTF-8&q=Hallo&tl=de&ttsspeed=1&total=1&idx=0&client=tw-ob&textlen=5&tk=648805.994693
DEBUG:gtts.tts:status-0: 200
DEBUG:gtts.tts:part-0 written to <_io.BufferedWriter name='./output.mp3'>
DEBUG:gtts.tts:Saved to ./output.mp3
DEBUG:root:
